{"/home/asp3rity/Repositories/CalcYoGrade/backend/src/index.ts": {"path":"/home/asp3rity/Repositories/CalcYoGrade/backend/src/index.ts","statementMap":{"0":{"start":{"line":1,"column":0},"end":{"line":1,"column":30}},"1":{"start":{"line":2,"column":0},"end":{"line":2,"column":41}},"2":{"start":{"line":3,"column":0},"end":{"line":3,"column":43}},"3":{"start":{"line":4,"column":0},"end":{"line":4,"column":32}},"4":{"start":{"line":5,"column":0},"end":{"line":5,"column":28}},"5":{"start":{"line":6,"column":0},"end":{"line":6,"column":51}},"6":{"start":{"line":7,"column":0},"end":{"line":7,"column":54}},"7":{"start":{"line":8,"column":0},"end":{"line":8,"column":54}},"8":{"start":{"line":9,"column":0},"end":{"line":9,"column":57}},"9":{"start":{"line":11,"column":12},"end":{"line":11,"column":21}},"10":{"start":{"line":12,"column":0},"end":{"line":12,"column":24}},"11":{"start":{"line":15,"column":0},"end":{"line":15,"column":16}},"12":{"start":{"line":17,"column":23},"end":{"line":33,"column":2}},"13":{"start":{"line":38,"column":0},"end":{"line":38,"column":30}},"14":{"start":{"line":39,"column":0},"end":{"line":39,"column":31}},"15":{"start":{"line":40,"column":0},"end":{"line":40,"column":32}},"16":{"start":{"line":41,"column":0},"end":{"line":41,"column":34}},"17":{"start":{"line":45,"column":20},"end":{"line":45,"column":48}},"18":{"start":{"line":46,"column":0},"end":{"line":46,"column":60}},"19":{"start":{"line":49,"column":14},"end":{"line":71,"column":1}},"20":{"start":{"line":50,"column":4},"end":{"line":70,"column":5}},"21":{"start":{"line":52,"column":25},"end":{"line":52,"column":113}},"22":{"start":{"line":53,"column":8},"end":{"line":56,"column":9}},"23":{"start":{"line":54,"column":12},"end":{"line":54,"column":76}},"24":{"start":{"line":55,"column":12},"end":{"line":55,"column":28}},"25":{"start":{"line":57,"column":8},"end":{"line":57,"column":41}},"26":{"start":{"line":58,"column":8},"end":{"line":58,"column":57}},"27":{"start":{"line":61,"column":21},"end":{"line":61,"column":45}},"28":{"start":{"line":62,"column":8},"end":{"line":64,"column":11}},"29":{"start":{"line":63,"column":12},"end":{"line":63,"column":61}},"30":{"start":{"line":68,"column":8},"end":{"line":68,"column":72}},"31":{"start":{"line":69,"column":8},"end":{"line":69,"column":24}},"32":{"start":{"line":73,"column":0},"end":{"line":73,"column":8}},"33":{"start":{"line":75,"column":0},"end":{"line":75,"column":19}}},"fnMap":{"0":{"name":"(anonymous_1)","decl":{"start":{"line":49,"column":14},"end":{"line":49,"column":19}},"loc":{"start":{"line":49,"column":41},"end":{"line":71,"column":1}}},"1":{"name":"(anonymous_2)","decl":{"start":{"line":62,"column":25},"end":{"line":62,"column":28}},"loc":{"start":{"line":62,"column":30},"end":{"line":64,"column":9}}}},"branchMap":{"0":{"loc":{"start":{"line":52,"column":25},"end":{"line":52,"column":113}},"type":"cond-expr","locations":[{"start":{"line":52,"column":59},"end":{"line":52,"column":87}},{"start":{"line":52,"column":90},"end":{"line":52,"column":113}}]},"1":{"loc":{"start":{"line":53,"column":8},"end":{"line":56,"column":9}},"type":"if","locations":[{"start":{"line":53,"column":8},"end":{"line":56,"column":9}}]},"2":{"loc":{"start":{"line":61,"column":21},"end":{"line":61,"column":45}},"type":"binary-expr","locations":[{"start":{"line":61,"column":21},"end":{"line":61,"column":37}},{"start":{"line":61,"column":41},"end":{"line":61,"column":45}}]}},"s":{"0":1,"1":1,"2":1,"3":1,"4":1,"5":1,"6":1,"7":1,"8":1,"9":1,"10":1,"11":1,"12":1,"13":1,"14":1,"15":1,"16":1,"17":1,"18":1,"19":1,"20":1,"21":1,"22":1,"23":0,"24":0,"25":1,"26":1,"27":1,"28":1,"29":1,"30":0,"31":0,"32":1,"33":1},"f":{"0":1,"1":1},"b":{"0":[1,0],"1":[0],"2":[1,1]}}
,"/home/asp3rity/Repositories/CalcYoGrade/backend/src/middleware/authenticate.ts": {"path":"/home/asp3rity/Repositories/CalcYoGrade/backend/src/middleware/authenticate.ts","statementMap":{"0":{"start":{"line":1,"column":0},"end":{"line":1,"column":31}},"1":{"start":{"line":15,"column":28},"end":{"line":35,"column":1}},"2":{"start":{"line":17,"column":18},"end":{"line":17,"column":61}},"3":{"start":{"line":19,"column":4},"end":{"line":22,"column":5}},"4":{"start":{"line":20,"column":8},"end":{"line":20,"column":80}},"5":{"start":{"line":21,"column":8},"end":{"line":21,"column":15}},"6":{"start":{"line":24,"column":4},"end":{"line":34,"column":5}},"7":{"start":{"line":26,"column":24},"end":{"line":26,"column":101}},"8":{"start":{"line":29,"column":8},"end":{"line":29,"column":36}},"9":{"start":{"line":30,"column":8},"end":{"line":30,"column":15}},"10":{"start":{"line":32,"column":8},"end":{"line":32,"column":59}},"11":{"start":{"line":33,"column":8},"end":{"line":33,"column":15}},"12":{"start":{"line":15,"column":13},"end":{"line":15,"column":28}},"13":{"start":{"line":37,"column":25},"end":{"line":61,"column":1}},"14":{"start":{"line":39,"column":18},"end":{"line":39,"column":61}},"15":{"start":{"line":41,"column":4},"end":{"line":44,"column":5}},"16":{"start":{"line":42,"column":8},"end":{"line":42,"column":80}},"17":{"start":{"line":43,"column":8},"end":{"line":43,"column":15}},"18":{"start":{"line":46,"column":4},"end":{"line":60,"column":5}},"19":{"start":{"line":48,"column":24},"end":{"line":48,"column":119}},"20":{"start":{"line":51,"column":8},"end":{"line":54,"column":9}},"21":{"start":{"line":52,"column":12},"end":{"line":52,"column":62}},"22":{"start":{"line":53,"column":12},"end":{"line":53,"column":19}},"23":{"start":{"line":56,"column":8},"end":{"line":56,"column":15}},"24":{"start":{"line":58,"column":8},"end":{"line":58,"column":59}},"25":{"start":{"line":59,"column":8},"end":{"line":59,"column":15}},"26":{"start":{"line":37,"column":13},"end":{"line":37,"column":25}}},"fnMap":{"0":{"name":"(anonymous_1)","decl":{"start":{"line":15,"column":28},"end":{"line":15,"column":29}},"loc":{"start":{"line":15,"column":87},"end":{"line":35,"column":1}}},"1":{"name":"(anonymous_2)","decl":{"start":{"line":37,"column":25},"end":{"line":37,"column":26}},"loc":{"start":{"line":37,"column":84},"end":{"line":61,"column":1}}}},"branchMap":{"0":{"loc":{"start":{"line":19,"column":4},"end":{"line":22,"column":5}},"type":"if","locations":[{"start":{"line":19,"column":4},"end":{"line":22,"column":5}}]},"1":{"loc":{"start":{"line":41,"column":4},"end":{"line":44,"column":5}},"type":"if","locations":[{"start":{"line":41,"column":4},"end":{"line":44,"column":5}}]},"2":{"loc":{"start":{"line":51,"column":8},"end":{"line":54,"column":9}},"type":"if","locations":[{"start":{"line":51,"column":8},"end":{"line":54,"column":9}}]}},"s":{"0":1,"1":1,"2":5,"3":5,"4":0,"5":0,"6":5,"7":5,"8":5,"9":5,"10":0,"11":0,"12":1,"13":1,"14":1,"15":1,"16":0,"17":0,"18":1,"19":1,"20":1,"21":0,"22":0,"23":1,"24":0,"25":0,"26":1},"f":{"0":5,"1":1},"b":{"0":[0],"1":[0],"2":[0]}}
,"/home/asp3rity/Repositories/CalcYoGrade/backend/src/models/course.model.ts": {"path":"/home/asp3rity/Repositories/CalcYoGrade/backend/src/models/course.model.ts","statementMap":{"0":{"start":{"line":1,"column":0},"end":{"line":1,"column":42}},"1":{"start":{"line":3,"column":21},"end":{"line":21,"column":2}},"2":{"start":{"line":24,"column":0},"end":{"line":24,"column":83}},"3":{"start":{"line":26,"column":15},"end":{"line":26,"column":64}},"4":{"start":{"line":28,"column":0},"end":{"line":28,"column":22}}},"fnMap":{},"branchMap":{},"s":{"0":1,"1":1,"2":1,"3":1,"4":1},"f":{},"b":{}}
,"/home/asp3rity/Repositories/CalcYoGrade/backend/src/models/courseEval.model.ts": {"path":"/home/asp3rity/Repositories/CalcYoGrade/backend/src/models/courseEval.model.ts","statementMap":{"0":{"start":{"line":1,"column":0},"end":{"line":1,"column":39}},"1":{"start":{"line":3,"column":25},"end":{"line":13,"column":2}},"2":{"start":{"line":16,"column":0},"end":{"line":16,"column":45}},"3":{"start":{"line":18,"column":19},"end":{"line":18,"column":71}},"4":{"start":{"line":20,"column":0},"end":{"line":20,"column":26}}},"fnMap":{},"branchMap":{},"s":{"0":1,"1":1,"2":1,"3":1,"4":1},"f":{},"b":{}}
,"/home/asp3rity/Repositories/CalcYoGrade/backend/src/models/gradeSystem.model.ts": {"path":"/home/asp3rity/Repositories/CalcYoGrade/backend/src/models/gradeSystem.model.ts","statementMap":{"0":{"start":{"line":1,"column":0},"end":{"line":1,"column":39}},"1":{"start":{"line":3,"column":26},"end":{"line":14,"column":2}},"2":{"start":{"line":17,"column":0},"end":{"line":17,"column":42}},"3":{"start":{"line":19,"column":20},"end":{"line":19,"column":75}},"4":{"start":{"line":21,"column":0},"end":{"line":21,"column":27}}},"fnMap":{},"branchMap":{},"s":{"0":1,"1":1,"2":1,"3":1,"4":1},"f":{},"b":{}}
,"/home/asp3rity/Repositories/CalcYoGrade/backend/src/models/user.model.ts": {"path":"/home/asp3rity/Repositories/CalcYoGrade/backend/src/models/user.model.ts","statementMap":{"0":{"start":{"line":1,"column":0},"end":{"line":1,"column":39}},"1":{"start":{"line":3,"column":19},"end":{"line":25,"column":2}},"2":{"start":{"line":27,"column":13},"end":{"line":27,"column":47}},"3":{"start":{"line":29,"column":0},"end":{"line":29,"column":20}}},"fnMap":{},"branchMap":{},"s":{"0":1,"1":1,"2":1,"3":1},"f":{},"b":{}}
,"/home/asp3rity/Repositories/CalcYoGrade/backend/src/routes/courses/course.eval.route.ts": {"path":"/home/asp3rity/Repositories/CalcYoGrade/backend/src/routes/courses/course.eval.route.ts","statementMap":{"0":{"start":{"line":1,"column":0},"end":{"line":1,"column":31}},"1":{"start":{"line":2,"column":0},"end":{"line":2,"column":65}},"2":{"start":{"line":3,"column":0},"end":{"line":3,"column":59}},"3":{"start":{"line":5,"column":25},"end":{"line":5,"column":33}},"4":{"start":{"line":7,"column":0},"end":{"line":7,"column":59}},"5":{"start":{"line":9,"column":0},"end":{"line":9,"column":32}}},"fnMap":{},"branchMap":{},"s":{"0":1,"1":1,"2":1,"3":1,"4":1,"5":1},"f":{},"b":{}}
,"/home/asp3rity/Repositories/CalcYoGrade/backend/src/routes/courses/course.route.ts": {"path":"/home/asp3rity/Repositories/CalcYoGrade/backend/src/routes/courses/course.route.ts","statementMap":{"0":{"start":{"line":1,"column":0},"end":{"line":1,"column":31}},"1":{"start":{"line":2,"column":0},"end":{"line":2,"column":56}},"2":{"start":{"line":3,"column":0},"end":{"line":3,"column":59}},"3":{"start":{"line":4,"column":0},"end":{"line":4,"column":51}},"4":{"start":{"line":6,"column":21},"end":{"line":6,"column":29}},"5":{"start":{"line":8,"column":0},"end":{"line":8,"column":44}},"6":{"start":{"line":9,"column":0},"end":{"line":9,"column":51}},"7":{"start":{"line":11,"column":0},"end":{"line":11,"column":28}}},"fnMap":{},"branchMap":{},"s":{"0":1,"1":1,"2":1,"3":1,"4":1,"5":1,"6":1,"7":1},"f":{},"b":{}}
,"/home/asp3rity/Repositories/CalcYoGrade/backend/src/routes/grades/grade.route.ts": {"path":"/home/asp3rity/Repositories/CalcYoGrade/backend/src/routes/grades/grade.route.ts","statementMap":{"0":{"start":{"line":1,"column":0},"end":{"line":1,"column":31}},"1":{"start":{"line":2,"column":0},"end":{"line":2,"column":54}},"2":{"start":{"line":4,"column":20},"end":{"line":4,"column":28}},"3":{"start":{"line":6,"column":0},"end":{"line":6,"column":46}},"4":{"start":{"line":8,"column":0},"end":{"line":8,"column":27}}},"fnMap":{},"branchMap":{},"s":{"0":1,"1":1,"2":1,"3":1,"4":1},"f":{},"b":{}}
,"/home/asp3rity/Repositories/CalcYoGrade/backend/src/routes/grades/grade.system.routes.ts": {"path":"/home/asp3rity/Repositories/CalcYoGrade/backend/src/routes/grades/grade.system.routes.ts","statementMap":{"0":{"start":{"line":1,"column":0},"end":{"line":1,"column":31}},"1":{"start":{"line":2,"column":0},"end":{"line":2,"column":59}},"2":{"start":{"line":3,"column":0},"end":{"line":3,"column":89}},"3":{"start":{"line":5,"column":26},"end":{"line":5,"column":34}},"4":{"start":{"line":7,"column":0},"end":{"line":7,"column":63}},"5":{"start":{"line":9,"column":0},"end":{"line":9,"column":53}},"6":{"start":{"line":11,"column":0},"end":{"line":11,"column":33}}},"fnMap":{},"branchMap":{},"s":{"0":1,"1":1,"2":1,"3":1,"4":1,"5":1,"6":1},"f":{},"b":{}}
,"/home/asp3rity/Repositories/CalcYoGrade/backend/src/routes/users/admin.routes.ts": {"path":"/home/asp3rity/Repositories/CalcYoGrade/backend/src/routes/users/admin.routes.ts","statementMap":{"0":{"start":{"line":1,"column":0},"end":{"line":1,"column":31}},"1":{"start":{"line":2,"column":0},"end":{"line":2,"column":56}},"2":{"start":{"line":3,"column":0},"end":{"line":3,"column":59}},"3":{"start":{"line":5,"column":20},"end":{"line":5,"column":28}},"4":{"start":{"line":7,"column":0},"end":{"line":7,"column":58}},"5":{"start":{"line":10,"column":0},"end":{"line":10,"column":27}}},"fnMap":{},"branchMap":{},"s":{"0":1,"1":1,"2":1,"3":1,"4":1,"5":1},"f":{},"b":{}}
,"/home/asp3rity/Repositories/CalcYoGrade/backend/src/routes/users/user.route.ts": {"path":"/home/asp3rity/Repositories/CalcYoGrade/backend/src/routes/users/user.route.ts","statementMap":{"0":{"start":{"line":1,"column":0},"end":{"line":1,"column":68}},"1":{"start":{"line":2,"column":0},"end":{"line":2,"column":31}},"2":{"start":{"line":5,"column":19},"end":{"line":5,"column":27}},"3":{"start":{"line":35,"column":0},"end":{"line":35,"column":43}},"4":{"start":{"line":72,"column":0},"end":{"line":72,"column":37}},"5":{"start":{"line":76,"column":0},"end":{"line":76,"column":26}}},"fnMap":{},"branchMap":{},"s":{"0":1,"1":1,"2":1,"3":1,"4":1,"5":1},"f":{},"b":{}}
,"/home/asp3rity/Repositories/CalcYoGrade/backend/src/services/admin.service.ts": {"path":"/home/asp3rity/Repositories/CalcYoGrade/backend/src/services/admin.service.ts","statementMap":{"0":{"start":{"line":1,"column":0},"end":{"line":1,"column":32}},"1":{"start":{"line":4,"column":29},"end":{"line":34,"column":1}},"2":{"start":{"line":5,"column":4},"end":{"line":33,"column":5}},"3":{"start":{"line":6,"column":8},"end":{"line":9,"column":9}},"4":{"start":{"line":7,"column":12},"end":{"line":7,"column":75}},"5":{"start":{"line":8,"column":12},"end":{"line":8,"column":19}},"6":{"start":{"line":11,"column":28},"end":{"line":11,"column":84}},"7":{"start":{"line":14,"column":8},"end":{"line":27,"column":9}},"8":{"start":{"line":15,"column":35},"end":{"line":15,"column":50}},"9":{"start":{"line":17,"column":12},"end":{"line":26,"column":13}},"10":{"start":{"line":19,"column":16},"end":{"line":21,"column":19}},"11":{"start":{"line":24,"column":16},"end":{"line":24,"column":87}},"12":{"start":{"line":25,"column":16},"end":{"line":25,"column":86}},"13":{"start":{"line":29,"column":8},"end":{"line":29,"column":82}},"14":{"start":{"line":31,"column":8},"end":{"line":31,"column":53}},"15":{"start":{"line":32,"column":8},"end":{"line":32,"column":93}},"16":{"start":{"line":4,"column":13},"end":{"line":4,"column":29}}},"fnMap":{"0":{"name":"(anonymous_1)","decl":{"start":{"line":4,"column":29},"end":{"line":4,"column":34}},"loc":{"start":{"line":4,"column":67},"end":{"line":34,"column":1}}}},"branchMap":{"0":{"loc":{"start":{"line":6,"column":8},"end":{"line":9,"column":9}},"type":"if","locations":[{"start":{"line":6,"column":8},"end":{"line":9,"column":9}}]},"1":{"loc":{"start":{"line":17,"column":12},"end":{"line":26,"column":13}},"type":"if","locations":[{"start":{"line":17,"column":12},"end":{"line":26,"column":13}},{"start":{"line":22,"column":19},"end":{"line":26,"column":13}}]},"2":{"loc":{"start":{"line":32,"column":19},"end":{"line":32,"column":42}},"type":"binary-expr","locations":[{"start":{"line":32,"column":19},"end":{"line":32,"column":35}},{"start":{"line":32,"column":39},"end":{"line":32,"column":42}}]}},"s":{"0":1,"1":1,"2":1,"3":1,"4":0,"5":0,"6":1,"7":1,"8":4,"9":4,"10":1,"11":3,"12":3,"13":1,"14":0,"15":0,"16":1},"f":{"0":1},"b":{"0":[0],"1":[1,3],"2":[0,0]}}
,"/home/asp3rity/Repositories/CalcYoGrade/backend/src/services/course.eval.service.ts": {"path":"/home/asp3rity/Repositories/CalcYoGrade/backend/src/services/course.eval.service.ts","statementMap":{"0":{"start":{"line":2,"column":0},"end":{"line":2,"column":40}},"1":{"start":{"line":3,"column":0},"end":{"line":3,"column":52}},"2":{"start":{"line":5,"column":29},"end":{"line":75,"column":1}},"3":{"start":{"line":6,"column":4},"end":{"line":74,"column":5}},"4":{"start":{"line":8,"column":21},"end":{"line":8,"column":52}},"5":{"start":{"line":9,"column":8},"end":{"line":12,"column":9}},"6":{"start":{"line":10,"column":12},"end":{"line":10,"column":64}},"7":{"start":{"line":11,"column":12},"end":{"line":11,"column":19}},"8":{"start":{"line":14,"column":8},"end":{"line":17,"column":9}},"9":{"start":{"line":15,"column":12},"end":{"line":15,"column":72}},"10":{"start":{"line":16,"column":12},"end":{"line":16,"column":19}},"11":{"start":{"line":19,"column":8},"end":{"line":22,"column":9}},"12":{"start":{"line":20,"column":12},"end":{"line":20,"column":71}},"13":{"start":{"line":21,"column":12},"end":{"line":21,"column":19}},"14":{"start":{"line":25,"column":30},"end":{"line":25,"column":140}},"15":{"start":{"line":25,"column":72},"end":{"line":25,"column":139}},"16":{"start":{"line":26,"column":23},"end":{"line":26,"column":119}},"17":{"start":{"line":26,"column":81},"end":{"line":26,"column":118}},"18":{"start":{"line":28,"column":8},"end":{"line":31,"column":9}},"19":{"start":{"line":29,"column":12},"end":{"line":29,"column":93}},"20":{"start":{"line":30,"column":12},"end":{"line":30,"column":19}},"21":{"start":{"line":34,"column":8},"end":{"line":40,"column":9}},"22":{"start":{"line":35,"column":35},"end":{"line":35,"column":81}},"23":{"start":{"line":36,"column":12},"end":{"line":39,"column":13}},"24":{"start":{"line":37,"column":16},"end":{"line":37,"column":43}},"25":{"start":{"line":38,"column":16},"end":{"line":38,"column":44}},"26":{"start":{"line":43,"column":8},"end":{"line":57,"column":9}},"27":{"start":{"line":44,"column":31},"end":{"line":44,"column":79}},"28":{"start":{"line":45,"column":12},"end":{"line":48,"column":13}},"29":{"start":{"line":46,"column":16},"end":{"line":46,"column":82}},"30":{"start":{"line":47,"column":16},"end":{"line":47,"column":23}},"31":{"start":{"line":50,"column":12},"end":{"line":50,"column":35}},"32":{"start":{"line":51,"column":12},"end":{"line":51,"column":36}},"33":{"start":{"line":53,"column":12},"end":{"line":53,"column":48}},"34":{"start":{"line":54,"column":12},"end":{"line":54,"column":30}},"35":{"start":{"line":55,"column":12},"end":{"line":55,"column":94}},"36":{"start":{"line":56,"column":12},"end":{"line":56,"column":19}},"37":{"start":{"line":60,"column":27},"end":{"line":64,"column":10}},"38":{"start":{"line":65,"column":8},"end":{"line":65,"column":32}},"39":{"start":{"line":67,"column":8},"end":{"line":67,"column":44}},"40":{"start":{"line":68,"column":8},"end":{"line":68,"column":26}},"41":{"start":{"line":69,"column":8},"end":{"line":69,"column":90}},"42":{"start":{"line":70,"column":8},"end":{"line":70,"column":15}},"43":{"start":{"line":72,"column":8},"end":{"line":72,"column":67}},"44":{"start":{"line":73,"column":8},"end":{"line":73,"column":15}},"45":{"start":{"line":5,"column":13},"end":{"line":5,"column":29}}},"fnMap":{"0":{"name":"(anonymous_1)","decl":{"start":{"line":5,"column":29},"end":{"line":5,"column":34}},"loc":{"start":{"line":5,"column":82},"end":{"line":75,"column":1}}},"1":{"name":"(anonymous_2)","decl":{"start":{"line":25,"column":58},"end":{"line":25,"column":59}},"loc":{"start":{"line":25,"column":72},"end":{"line":25,"column":139}}},"2":{"name":"(anonymous_3)","decl":{"start":{"line":26,"column":69},"end":{"line":26,"column":70}},"loc":{"start":{"line":26,"column":81},"end":{"line":26,"column":118}}}},"branchMap":{"0":{"loc":{"start":{"line":9,"column":8},"end":{"line":12,"column":9}},"type":"if","locations":[{"start":{"line":9,"column":8},"end":{"line":12,"column":9}}]},"1":{"loc":{"start":{"line":14,"column":8},"end":{"line":17,"column":9}},"type":"if","locations":[{"start":{"line":14,"column":8},"end":{"line":17,"column":9}}]},"2":{"loc":{"start":{"line":19,"column":8},"end":{"line":22,"column":9}},"type":"if","locations":[{"start":{"line":19,"column":8},"end":{"line":22,"column":9}}]},"3":{"loc":{"start":{"line":28,"column":8},"end":{"line":31,"column":9}},"type":"if","locations":[{"start":{"line":28,"column":8},"end":{"line":31,"column":9}}]},"4":{"loc":{"start":{"line":34,"column":8},"end":{"line":40,"column":9}},"type":"if","locations":[{"start":{"line":34,"column":8},"end":{"line":40,"column":9}}]},"5":{"loc":{"start":{"line":36,"column":12},"end":{"line":39,"column":13}},"type":"if","locations":[{"start":{"line":36,"column":12},"end":{"line":39,"column":13}}]},"6":{"loc":{"start":{"line":43,"column":8},"end":{"line":57,"column":9}},"type":"if","locations":[{"start":{"line":43,"column":8},"end":{"line":57,"column":9}}]},"7":{"loc":{"start":{"line":45,"column":12},"end":{"line":48,"column":13}},"type":"if","locations":[{"start":{"line":45,"column":12},"end":{"line":48,"column":13}}]}},"s":{"0":1,"1":1,"2":1,"3":0,"4":0,"5":0,"6":0,"7":0,"8":0,"9":0,"10":0,"11":0,"12":0,"13":0,"14":0,"15":0,"16":0,"17":0,"18":0,"19":0,"20":0,"21":0,"22":0,"23":0,"24":0,"25":0,"26":0,"27":0,"28":0,"29":0,"30":0,"31":0,"32":0,"33":0,"34":0,"35":0,"36":0,"37":0,"38":0,"39":0,"40":0,"41":0,"42":0,"43":0,"44":0,"45":1},"f":{"0":0,"1":0,"2":0},"b":{"0":[0],"1":[0],"2":[0],"3":[0],"4":[0],"5":[0],"6":[0],"7":[0]}}
,"/home/asp3rity/Repositories/CalcYoGrade/backend/src/services/course.service.ts": {"path":"/home/asp3rity/Repositories/CalcYoGrade/backend/src/services/course.service.ts","statementMap":{"0":{"start":{"line":2,"column":0},"end":{"line":2,"column":40}},"1":{"start":{"line":3,"column":0},"end":{"line":3,"column":44}},"2":{"start":{"line":5,"column":25},"end":{"line":115,"column":1}},"3":{"start":{"line":6,"column":4},"end":{"line":114,"column":5}},"4":{"start":{"line":8,"column":21},"end":{"line":8,"column":52}},"5":{"start":{"line":9,"column":8},"end":{"line":12,"column":9}},"6":{"start":{"line":10,"column":12},"end":{"line":10,"column":64}},"7":{"start":{"line":11,"column":12},"end":{"line":11,"column":19}},"8":{"start":{"line":15,"column":30},"end":{"line":15,"column":140}},"9":{"start":{"line":15,"column":72},"end":{"line":15,"column":139}},"10":{"start":{"line":17,"column":8},"end":{"line":68,"column":9}},"11":{"start":{"line":18,"column":27},"end":{"line":18,"column":67}},"12":{"start":{"line":19,"column":12},"end":{"line":22,"column":13}},"13":{"start":{"line":20,"column":16},"end":{"line":20,"column":70}},"14":{"start":{"line":21,"column":16},"end":{"line":21,"column":23}},"15":{"start":{"line":24,"column":12},"end":{"line":27,"column":13}},"16":{"start":{"line":25,"column":16},"end":{"line":25,"column":75}},"17":{"start":{"line":26,"column":16},"end":{"line":26,"column":23}},"18":{"start":{"line":29,"column":12},"end":{"line":64,"column":13}},"19":{"start":{"line":31,"column":36},"end":{"line":31,"column":137}},"20":{"start":{"line":31,"column":99},"end":{"line":31,"column":136}},"21":{"start":{"line":32,"column":16},"end":{"line":35,"column":17}},"22":{"start":{"line":33,"column":20},"end":{"line":33,"column":96}},"23":{"start":{"line":34,"column":20},"end":{"line":34,"column":27}},"24":{"start":{"line":37,"column":16},"end":{"line":42,"column":19}},"25":{"start":{"line":45,"column":16},"end":{"line":45,"column":40}},"26":{"start":{"line":46,"column":16},"end":{"line":46,"column":36}},"27":{"start":{"line":49,"column":16},"end":{"line":59,"column":19}},"28":{"start":{"line":62,"column":16},"end":{"line":62,"column":40}},"29":{"start":{"line":63,"column":16},"end":{"line":63,"column":36}},"30":{"start":{"line":65,"column":12},"end":{"line":65,"column":30}},"31":{"start":{"line":66,"column":12},"end":{"line":66,"column":82}},"32":{"start":{"line":67,"column":12},"end":{"line":67,"column":19}},"33":{"start":{"line":71,"column":23},"end":{"line":77,"column":10}},"34":{"start":{"line":78,"column":8},"end":{"line":78,"column":28}},"35":{"start":{"line":81,"column":8},"end":{"line":84,"column":9}},"36":{"start":{"line":82,"column":12},"end":{"line":82,"column":71}},"37":{"start":{"line":83,"column":12},"end":{"line":83,"column":19}},"38":{"start":{"line":86,"column":8},"end":{"line":107,"column":9}},"39":{"start":{"line":88,"column":12},"end":{"line":93,"column":15}},"40":{"start":{"line":96,"column":12},"end":{"line":106,"column":15}},"41":{"start":{"line":108,"column":8},"end":{"line":108,"column":26}},"42":{"start":{"line":110,"column":8},"end":{"line":110,"column":78}},"43":{"start":{"line":112,"column":8},"end":{"line":112,"column":67}},"44":{"start":{"line":113,"column":8},"end":{"line":113,"column":15}},"45":{"start":{"line":5,"column":13},"end":{"line":5,"column":25}}},"fnMap":{"0":{"name":"(anonymous_1)","decl":{"start":{"line":5,"column":25},"end":{"line":5,"column":30}},"loc":{"start":{"line":5,"column":78},"end":{"line":115,"column":1}}},"1":{"name":"(anonymous_2)","decl":{"start":{"line":15,"column":58},"end":{"line":15,"column":59}},"loc":{"start":{"line":15,"column":72},"end":{"line":15,"column":139}}},"2":{"name":"(anonymous_3)","decl":{"start":{"line":31,"column":87},"end":{"line":31,"column":88}},"loc":{"start":{"line":31,"column":99},"end":{"line":31,"column":136}}}},"branchMap":{"0":{"loc":{"start":{"line":9,"column":8},"end":{"line":12,"column":9}},"type":"if","locations":[{"start":{"line":9,"column":8},"end":{"line":12,"column":9}}]},"1":{"loc":{"start":{"line":17,"column":8},"end":{"line":68,"column":9}},"type":"if","locations":[{"start":{"line":17,"column":8},"end":{"line":68,"column":9}}]},"2":{"loc":{"start":{"line":19,"column":12},"end":{"line":22,"column":13}},"type":"if","locations":[{"start":{"line":19,"column":12},"end":{"line":22,"column":13}}]},"3":{"loc":{"start":{"line":24,"column":12},"end":{"line":27,"column":13}},"type":"if","locations":[{"start":{"line":24,"column":12},"end":{"line":27,"column":13}}]},"4":{"loc":{"start":{"line":29,"column":12},"end":{"line":64,"column":13}},"type":"if","locations":[{"start":{"line":29,"column":12},"end":{"line":64,"column":13}},{"start":{"line":47,"column":19},"end":{"line":64,"column":13}}]},"5":{"loc":{"start":{"line":32,"column":16},"end":{"line":35,"column":17}},"type":"if","locations":[{"start":{"line":32,"column":16},"end":{"line":35,"column":17}}]},"6":{"loc":{"start":{"line":81,"column":8},"end":{"line":84,"column":9}},"type":"if","locations":[{"start":{"line":81,"column":8},"end":{"line":84,"column":9}}]},"7":{"loc":{"start":{"line":86,"column":8},"end":{"line":107,"column":9}},"type":"if","locations":[{"start":{"line":86,"column":8},"end":{"line":107,"column":9}},{"start":{"line":94,"column":15},"end":{"line":107,"column":9}}]}},"s":{"0":1,"1":1,"2":1,"3":1,"4":1,"5":1,"6":0,"7":0,"8":1,"9":0,"10":1,"11":0,"12":0,"13":0,"14":0,"15":0,"16":0,"17":0,"18":0,"19":0,"20":0,"21":0,"22":0,"23":0,"24":0,"25":0,"26":0,"27":0,"28":0,"29":0,"30":0,"31":0,"32":0,"33":1,"34":1,"35":1,"36":0,"37":0,"38":1,"39":0,"40":1,"41":1,"42":1,"43":0,"44":0,"45":1},"f":{"0":1,"1":0,"2":0},"b":{"0":[0],"1":[0],"2":[0],"3":[0],"4":[0,0],"5":[0],"6":[0],"7":[0,1]}}
,"/home/asp3rity/Repositories/CalcYoGrade/backend/src/services/grade.system.service.ts": {"path":"/home/asp3rity/Repositories/CalcYoGrade/backend/src/services/grade.system.service.ts","statementMap":{"0":{"start":{"line":2,"column":0},"end":{"line":2,"column":40}},"1":{"start":{"line":3,"column":0},"end":{"line":3,"column":54}},"2":{"start":{"line":5,"column":32},"end":{"line":95,"column":1}},"3":{"start":{"line":6,"column":4},"end":{"line":94,"column":5}},"4":{"start":{"line":8,"column":21},"end":{"line":8,"column":52}},"5":{"start":{"line":9,"column":8},"end":{"line":12,"column":9}},"6":{"start":{"line":10,"column":12},"end":{"line":10,"column":64}},"7":{"start":{"line":11,"column":12},"end":{"line":11,"column":19}},"8":{"start":{"line":15,"column":8},"end":{"line":40,"column":9}},"9":{"start":{"line":16,"column":32},"end":{"line":16,"column":79}},"10":{"start":{"line":17,"column":12},"end":{"line":20,"column":13}},"11":{"start":{"line":18,"column":16},"end":{"line":18,"column":76}},"12":{"start":{"line":19,"column":16},"end":{"line":19,"column":23}},"13":{"start":{"line":23,"column":12},"end":{"line":29,"column":13}},"14":{"start":{"line":24,"column":40},"end":{"line":24,"column":83}},"15":{"start":{"line":25,"column":16},"end":{"line":28,"column":17}},"16":{"start":{"line":26,"column":20},"end":{"line":26,"column":48}},"17":{"start":{"line":27,"column":20},"end":{"line":27,"column":49}},"18":{"start":{"line":32,"column":12},"end":{"line":32,"column":36}},"19":{"start":{"line":33,"column":12},"end":{"line":33,"column":37}},"20":{"start":{"line":36,"column":12},"end":{"line":36,"column":45}},"21":{"start":{"line":37,"column":12},"end":{"line":37,"column":30}},"22":{"start":{"line":38,"column":12},"end":{"line":38,"column":95}},"23":{"start":{"line":39,"column":12},"end":{"line":39,"column":19}},"24":{"start":{"line":43,"column":21},"end":{"line":43,"column":36}},"25":{"start":{"line":44,"column":8},"end":{"line":44,"column":74}},"26":{"start":{"line":44,"column":49},"end":{"line":44,"column":72}},"27":{"start":{"line":47,"column":8},"end":{"line":54,"column":9}},"28":{"start":{"line":47,"column":21},"end":{"line":47,"column":22}},"29":{"start":{"line":48,"column":12},"end":{"line":53,"column":13}},"30":{"start":{"line":49,"column":16},"end":{"line":51,"column":19}},"31":{"start":{"line":52,"column":16},"end":{"line":52,"column":23}},"32":{"start":{"line":57,"column":8},"end":{"line":64,"column":9}},"33":{"start":{"line":57,"column":21},"end":{"line":57,"column":22}},"34":{"start":{"line":58,"column":12},"end":{"line":63,"column":13}},"35":{"start":{"line":59,"column":16},"end":{"line":61,"column":19}},"36":{"start":{"line":62,"column":16},"end":{"line":62,"column":23}},"37":{"start":{"line":67,"column":26},"end":{"line":71,"column":10}},"38":{"start":{"line":74,"column":8},"end":{"line":74,"column":33}},"39":{"start":{"line":77,"column":8},"end":{"line":83,"column":9}},"40":{"start":{"line":78,"column":36},"end":{"line":78,"column":79}},"41":{"start":{"line":79,"column":12},"end":{"line":82,"column":13}},"42":{"start":{"line":80,"column":16},"end":{"line":80,"column":44}},"43":{"start":{"line":81,"column":16},"end":{"line":81,"column":45}},"44":{"start":{"line":86,"column":8},"end":{"line":86,"column":41}},"45":{"start":{"line":87,"column":8},"end":{"line":87,"column":26}},"46":{"start":{"line":90,"column":8},"end":{"line":90,"column":91}},"47":{"start":{"line":92,"column":8},"end":{"line":92,"column":27}},"48":{"start":{"line":93,"column":8},"end":{"line":93,"column":82}},"49":{"start":{"line":5,"column":13},"end":{"line":5,"column":32}},"50":{"start":{"line":98,"column":34},"end":{"line":128,"column":1}},"51":{"start":{"line":99,"column":18},"end":{"line":99,"column":33}},"52":{"start":{"line":101,"column":4},"end":{"line":106,"column":5}},"53":{"start":{"line":102,"column":8},"end":{"line":102,"column":32}},"54":{"start":{"line":103,"column":29},"end":{"line":103,"column":53}},"55":{"start":{"line":104,"column":8},"end":{"line":104,"column":47}},"56":{"start":{"line":105,"column":8},"end":{"line":105,"column":15}},"57":{"start":{"line":109,"column":22},"end":{"line":112,"column":45}},"58":{"start":{"line":115,"column":4},"end":{"line":125,"column":5}},"59":{"start":{"line":116,"column":29},"end":{"line":118,"column":10}},"60":{"start":{"line":121,"column":30},"end":{"line":121,"column":63}},"61":{"start":{"line":122,"column":8},"end":{"line":124,"column":10}},"62":{"start":{"line":123,"column":12},"end":{"line":123,"column":86}},"63":{"start":{"line":123,"column":44},"end":{"line":123,"column":85}},"64":{"start":{"line":127,"column":4},"end":{"line":127,"column":56}},"65":{"start":{"line":98,"column":13},"end":{"line":98,"column":34}}},"fnMap":{"0":{"name":"(anonymous_1)","decl":{"start":{"line":5,"column":32},"end":{"line":5,"column":37}},"loc":{"start":{"line":5,"column":85},"end":{"line":95,"column":1}}},"1":{"name":"(anonymous_2)","decl":{"start":{"line":44,"column":29},"end":{"line":44,"column":30}},"loc":{"start":{"line":44,"column":49},"end":{"line":44,"column":72}}},"2":{"name":"(anonymous_3)","decl":{"start":{"line":98,"column":34},"end":{"line":98,"column":39}},"loc":{"start":{"line":98,"column":87},"end":{"line":128,"column":1}}},"3":{"name":"(anonymous_4)","decl":{"start":{"line":122,"column":43},"end":{"line":122,"column":44}},"loc":{"start":{"line":123,"column":12},"end":{"line":123,"column":86}}},"4":{"name":"(anonymous_5)","decl":{"start":{"line":123,"column":37},"end":{"line":123,"column":38}},"loc":{"start":{"line":123,"column":44},"end":{"line":123,"column":85}}}},"branchMap":{"0":{"loc":{"start":{"line":9,"column":8},"end":{"line":12,"column":9}},"type":"if","locations":[{"start":{"line":9,"column":8},"end":{"line":12,"column":9}}]},"1":{"loc":{"start":{"line":15,"column":8},"end":{"line":40,"column":9}},"type":"if","locations":[{"start":{"line":15,"column":8},"end":{"line":40,"column":9}}]},"2":{"loc":{"start":{"line":17,"column":12},"end":{"line":20,"column":13}},"type":"if","locations":[{"start":{"line":17,"column":12},"end":{"line":20,"column":13}}]},"3":{"loc":{"start":{"line":23,"column":12},"end":{"line":29,"column":13}},"type":"if","locations":[{"start":{"line":23,"column":12},"end":{"line":29,"column":13}}]},"4":{"loc":{"start":{"line":25,"column":16},"end":{"line":28,"column":17}},"type":"if","locations":[{"start":{"line":25,"column":16},"end":{"line":28,"column":17}}]},"5":{"loc":{"start":{"line":48,"column":12},"end":{"line":53,"column":13}},"type":"if","locations":[{"start":{"line":48,"column":12},"end":{"line":53,"column":13}}]},"6":{"loc":{"start":{"line":48,"column":16},"end":{"line":48,"column":107}},"type":"binary-expr","locations":[{"start":{"line":48,"column":16},"end":{"line":48,"column":38}},{"start":{"line":48,"column":42},"end":{"line":48,"column":64}},{"start":{"line":48,"column":68},"end":{"line":48,"column":107}}]},"7":{"loc":{"start":{"line":58,"column":12},"end":{"line":63,"column":13}},"type":"if","locations":[{"start":{"line":58,"column":12},"end":{"line":63,"column":13}}]},"8":{"loc":{"start":{"line":77,"column":8},"end":{"line":83,"column":9}},"type":"if","locations":[{"start":{"line":77,"column":8},"end":{"line":83,"column":9}}]},"9":{"loc":{"start":{"line":79,"column":12},"end":{"line":82,"column":13}},"type":"if","locations":[{"start":{"line":79,"column":12},"end":{"line":82,"column":13}}]},"10":{"loc":{"start":{"line":101,"column":4},"end":{"line":106,"column":5}},"type":"if","locations":[{"start":{"line":101,"column":4},"end":{"line":106,"column":5}}]},"11":{"loc":{"start":{"line":115,"column":4},"end":{"line":125,"column":5}},"type":"if","locations":[{"start":{"line":115,"column":4},"end":{"line":125,"column":5}}]}},"s":{"0":1,"1":1,"2":1,"3":4,"4":4,"5":4,"6":0,"7":0,"8":4,"9":1,"10":1,"11":0,"12":0,"13":1,"14":0,"15":0,"16":0,"17":0,"18":1,"19":1,"20":1,"21":1,"22":1,"23":1,"24":3,"25":3,"26":15,"27":3,"28":3,"29":11,"30":1,"31":1,"32":2,"33":2,"34":5,"35":1,"36":1,"37":1,"38":1,"39":1,"40":0,"41":0,"42":0,"43":0,"44":1,"45":1,"46":1,"47":0,"48":0,"49":1,"50":1,"51":2,"52":2,"53":1,"54":1,"55":1,"56":1,"57":1,"58":1,"59":1,"60":1,"61":1,"62":2,"63":2,"64":1,"65":1},"f":{"0":4,"1":15,"2":2,"3":2,"4":2},"b":{"0":[0],"1":[1],"2":[0],"3":[0],"4":[0],"5":[1],"6":[11,11,11],"7":[1],"8":[0],"9":[0],"10":[1],"11":[1]}}
,"/home/asp3rity/Repositories/CalcYoGrade/backend/src/services/user.service.ts": {"path":"/home/asp3rity/Repositories/CalcYoGrade/backend/src/services/user.service.ts","statementMap":{"0":{"start":{"line":1,"column":0},"end":{"line":1,"column":40}},"1":{"start":{"line":2,"column":0},"end":{"line":2,"column":30}},"2":{"start":{"line":3,"column":0},"end":{"line":3,"column":31}},"3":{"start":{"line":4,"column":0},"end":{"line":4,"column":28}},"4":{"start":{"line":8,"column":0},"end":{"line":8,"column":16}},"5":{"start":{"line":11,"column":28},"end":{"line":36,"column":1}},"6":{"start":{"line":12,"column":4},"end":{"line":35,"column":5}},"7":{"start":{"line":13,"column":39},"end":{"line":13,"column":47}},"8":{"start":{"line":16,"column":29},"end":{"line":16,"column":61}},"9":{"start":{"line":17,"column":8},"end":{"line":20,"column":9}},"10":{"start":{"line":18,"column":12},"end":{"line":18,"column":89}},"11":{"start":{"line":19,"column":12},"end":{"line":19,"column":19}},"12":{"start":{"line":23,"column":31},"end":{"line":23,"column":62}},"13":{"start":{"line":26,"column":24},"end":{"line":29,"column":10}},"14":{"start":{"line":31,"column":8},"end":{"line":31,"column":29}},"15":{"start":{"line":32,"column":8},"end":{"line":32,"column":75}},"16":{"start":{"line":34,"column":8},"end":{"line":34,"column":75}},"17":{"start":{"line":11,"column":13},"end":{"line":11,"column":28}},"18":{"start":{"line":39,"column":25},"end":{"line":67,"column":1}},"19":{"start":{"line":40,"column":4},"end":{"line":66,"column":5}},"20":{"start":{"line":41,"column":39},"end":{"line":41,"column":47}},"21":{"start":{"line":44,"column":21},"end":{"line":44,"column":53}},"22":{"start":{"line":45,"column":8},"end":{"line":48,"column":9}},"23":{"start":{"line":46,"column":12},"end":{"line":46,"column":65}},"24":{"start":{"line":47,"column":12},"end":{"line":47,"column":19}},"25":{"start":{"line":51,"column":32},"end":{"line":51,"column":77}},"26":{"start":{"line":52,"column":8},"end":{"line":55,"column":9}},"27":{"start":{"line":53,"column":12},"end":{"line":53,"column":70}},"28":{"start":{"line":54,"column":12},"end":{"line":54,"column":19}},"29":{"start":{"line":58,"column":22},"end":{"line":60,"column":10}},"30":{"start":{"line":62,"column":8},"end":{"line":62,"column":76}},"31":{"start":{"line":64,"column":8},"end":{"line":64,"column":27}},"32":{"start":{"line":65,"column":8},"end":{"line":65,"column":74}},"33":{"start":{"line":39,"column":13},"end":{"line":39,"column":25}}},"fnMap":{"0":{"name":"(anonymous_1)","decl":{"start":{"line":11,"column":28},"end":{"line":11,"column":33}},"loc":{"start":{"line":11,"column":82},"end":{"line":36,"column":1}}},"1":{"name":"(anonymous_2)","decl":{"start":{"line":39,"column":25},"end":{"line":39,"column":30}},"loc":{"start":{"line":39,"column":79},"end":{"line":67,"column":1}}}},"branchMap":{"0":{"loc":{"start":{"line":17,"column":8},"end":{"line":20,"column":9}},"type":"if","locations":[{"start":{"line":17,"column":8},"end":{"line":20,"column":9}}]},"1":{"loc":{"start":{"line":45,"column":8},"end":{"line":48,"column":9}},"type":"if","locations":[{"start":{"line":45,"column":8},"end":{"line":48,"column":9}}]},"2":{"loc":{"start":{"line":52,"column":8},"end":{"line":55,"column":9}},"type":"if","locations":[{"start":{"line":52,"column":8},"end":{"line":55,"column":9}}]}},"s":{"0":1,"1":1,"2":1,"3":1,"4":1,"5":1,"6":4,"7":4,"8":4,"9":4,"10":2,"11":2,"12":2,"13":2,"14":2,"15":2,"16":0,"17":1,"18":1,"19":8,"20":8,"21":8,"22":8,"23":0,"24":0,"25":8,"26":8,"27":1,"28":1,"29":7,"30":7,"31":0,"32":0,"33":1},"f":{"0":4,"1":8},"b":{"0":[2],"1":[0],"2":[1]}}
}
