TN:
SF:src/index.ts
FN:47,(anonymous_1)
FN:60,(anonymous_2)
FNF:2
FNH:2
FNDA:1,(anonymous_1)
FNDA:1,(anonymous_2)
DA:1,1
DA:2,1
DA:3,1
DA:4,1
DA:5,1
DA:6,1
DA:7,1
DA:8,1
DA:10,1
DA:11,1
DA:14,1
DA:16,1
DA:37,1
DA:38,1
DA:39,1
DA:43,1
DA:44,1
DA:47,1
DA:48,1
DA:50,1
DA:51,1
DA:52,0
DA:53,0
DA:55,1
DA:56,1
DA:59,1
DA:60,1
DA:61,1
DA:66,0
DA:67,0
DA:71,1
DA:73,1
LF:32
LH:28
BRDA:50,0,0,1
BRDA:50,0,1,0
BRDA:51,1,0,0
BRDA:59,2,0,1
BRDA:59,2,1,1
BRF:5
BRH:3
end_of_record
TN:
SF:src/middleware/authenticate.ts
FN:15,(anonymous_1)
FN:37,(anonymous_2)
FNF:2
FNH:2
FNDA:4,(anonymous_1)
FNDA:1,(anonymous_2)
DA:1,1
DA:15,1
DA:17,4
DA:19,4
DA:20,0
DA:21,0
DA:24,4
DA:26,4
DA:29,4
DA:30,4
DA:32,0
DA:33,0
DA:37,1
DA:39,1
DA:41,1
DA:42,0
DA:43,0
DA:46,1
DA:48,1
DA:51,1
DA:52,0
DA:53,0
DA:56,1
DA:58,0
DA:59,0
LF:25
LH:15
BRDA:19,0,0,0
BRDA:41,1,0,0
BRDA:51,2,0,0
BRF:3
BRH:0
end_of_record
TN:
SF:src/models/gradeSystem.model.ts
FNF:0
FNH:0
DA:1,1
DA:3,1
DA:17,1
DA:19,1
DA:21,1
LF:5
LH:5
BRF:0
BRH:0
end_of_record
TN:
SF:src/models/user.model.ts
FNF:0
FNH:0
DA:1,1
DA:3,1
DA:20,1
DA:22,1
LF:4
LH:4
BRF:0
BRH:0
end_of_record
TN:
SF:src/routes/admin.routes.ts
FNF:0
FNH:0
DA:1,1
DA:2,1
DA:3,1
DA:5,1
DA:7,1
DA:10,1
LF:6
LH:6
BRF:0
BRH:0
end_of_record
TN:
SF:src/routes/user.route.ts
FNF:0
FNH:0
DA:1,1
DA:2,1
DA:5,1
DA:35,1
DA:72,1
DA:76,1
LF:6
LH:6
BRF:0
BRH:0
end_of_record
TN:
SF:src/routes/grades/grade.route.ts
FNF:0
FNH:0
DA:1,1
DA:2,1
DA:4,1
DA:6,1
DA:8,1
LF:5
LH:5
BRF:0
BRH:0
end_of_record
TN:
SF:src/routes/grades/grade.system.routes.ts
FNF:0
FNH:0
DA:1,1
DA:2,1
DA:3,1
DA:5,1
DA:7,1
DA:9,1
DA:11,1
LF:7
LH:7
BRF:0
BRH:0
end_of_record
TN:
SF:src/services/admin.service.ts
FN:4,(anonymous_1)
FNF:1
FNH:1
FNDA:1,(anonymous_1)
DA:1,1
DA:4,1
DA:5,1
DA:6,1
DA:7,0
DA:8,0
DA:11,1
DA:14,1
DA:15,2
DA:17,2
DA:19,1
DA:24,1
DA:25,1
DA:29,1
DA:31,0
DA:32,0
LF:16
LH:12
BRDA:6,0,0,0
BRDA:17,1,0,1
BRDA:17,1,1,1
BRDA:32,2,0,0
BRDA:32,2,1,0
BRF:5
BRH:2
end_of_record
TN:
SF:src/services/grade.system.service.ts
FN:5,(anonymous_1)
FN:44,(anonymous_2)
FN:98,(anonymous_3)
FNF:3
FNH:2
FNDA:4,(anonymous_1)
FNDA:15,(anonymous_2)
FNDA:0,(anonymous_3)
DA:2,1
DA:3,1
DA:5,1
DA:6,4
DA:8,4
DA:9,4
DA:10,0
DA:11,0
DA:15,4
DA:16,1
DA:17,1
DA:18,0
DA:19,0
DA:23,1
DA:24,0
DA:25,0
DA:26,0
DA:27,0
DA:32,1
DA:33,1
DA:36,1
DA:37,1
DA:38,1
DA:39,1
DA:43,3
DA:44,15
DA:47,3
DA:48,11
DA:49,1
DA:52,1
DA:57,2
DA:58,5
DA:59,1
DA:62,1
DA:67,1
DA:74,1
DA:77,1
DA:78,0
DA:79,0
DA:80,0
DA:81,0
DA:86,1
DA:87,1
DA:90,1
DA:92,0
DA:93,0
DA:98,1
DA:99,0
DA:100,0
DA:101,0
DA:102,0
DA:105,0
DA:111,0
DA:112,0
DA:117,0
DA:120,0
LF:56
LH:33
BRDA:9,0,0,0
BRDA:15,1,0,1
BRDA:17,2,0,0
BRDA:23,3,0,0
BRDA:25,4,0,0
BRDA:48,5,0,1
BRDA:48,6,0,11
BRDA:48,6,1,11
BRDA:48,6,2,11
BRDA:58,7,0,1
BRDA:77,8,0,0
BRDA:79,9,0,0
BRDA:99,10,0,0
BRDA:111,11,0,0
BRF:14
BRH:6
end_of_record
TN:
SF:src/services/user.service.ts
FN:11,(anonymous_1)
FN:39,(anonymous_2)
FNF:2
FNH:2
FNDA:4,(anonymous_1)
FNDA:7,(anonymous_2)
DA:1,1
DA:2,1
DA:3,1
DA:4,1
DA:8,1
DA:11,1
DA:12,4
DA:13,4
DA:16,4
DA:17,4
DA:18,2
DA:19,2
DA:23,2
DA:26,2
DA:31,2
DA:32,2
DA:34,0
DA:39,1
DA:40,7
DA:41,7
DA:44,7
DA:45,7
DA:46,0
DA:47,0
DA:51,7
DA:52,7
DA:53,1
DA:54,1
DA:58,6
DA:62,6
DA:64,0
DA:65,0
LF:32
LH:27
BRDA:17,0,0,2
BRDA:45,1,0,0
BRDA:52,2,0,1
BRF:3
BRH:2
end_of_record
